Virtual User Script started at : 2017-04-26 10:03:58
TruClient Replay for LoadRunner 12.53.0, build 1203. OS: Windows 8.1, Browser: Firefox, initialized on 2017/04/26 at 10:03:58 (0000.000s)

Running Vuser...
Starting iteration 1.
t=00001440ms: ** 2: File Upload Example 1 ** started    [MsgId: MMSG-205180]
t=00001963ms: ** 2.1: Navigate to "http://cgi-lib.berkeley.edu/ex/fup.html" ** started    [MsgId: MMSG-205180]
t=00003531ms: ** 2.1: Navigate to http://cgi-lib.berkeley.edu/ex/fup.html ** successfully completed with end event 'Document Loaded'    [MsgId: MMSG-205180]
t=00004046ms: ** 2.2: Set TC.scriptDir + "\\SampleFile.txt" on upfile filebox ** started    [MsgId: MMSG-205180]
t=00004340ms: ** 2.2: Set TC.scriptDir + "\\SampleFile.txt" on upfile filebox ** successfully completed with end event 'Action completed'    [MsgId: MMSG-205180]
t=00004855ms: ** 2.3: Click on Press button ** started    [MsgId: MMSG-205180]
t=00005393ms: ** 2.3: Click on Press button ** successfully completed with end event 'Document Loaded'    [MsgId: MMSG-205180]
t=00005410ms: ** 2: File Upload Example 1 ** successfully completed with end event 'Action completed'    [MsgId: MMSG-205180]
t=00005526ms: ** 4: File Upload Example 2 ** started    [MsgId: MMSG-205180]
t=00006046ms: ** 4.1: Navigate to "https://angular-file-upload.appspot.com/" ** started    [MsgId: MMSG-205180]
t=00010481ms: ** 4.1: Navigate to https://angular-file-upload.appspot.com/ ** successfully completed with end event 'Step synchronous network completed'    [MsgId: MMSG-205180]
t=00011002ms: ** 4.2: Set TC.scriptDir + "\\TC_Technology.png" on file filebox ** started    [MsgId: MMSG-205180]
t=00011595ms: ** 4.2: Set TC.scriptDir + "\\TC_Technology.png" on file filebox ** successfully completed with end event 'Step synchronous network completed'    [MsgId: MMSG-205180]
t=00012113ms: ** 4.3: Click on Submit button ** started    [MsgId: MMSG-205180]
t=00012439ms: ** 4.3: Click on Submit button ** successfully completed with end event 'Action completed'    [MsgId: MMSG-205180]
t=00012446ms: ** 4: File Upload Example 2 ** successfully completed with end event 'Action completed'    [MsgId: MMSG-205180]
t=00012602ms: ** 6: File Upload Example 3 ** started    [MsgId: MMSG-205180]
t=00013128ms: ** 6.1: Navigate to "https://angular-file-upload.appspot.com/" ** started    [MsgId: MMSG-205180]
t=00013884ms: ** 6.1: Navigate to https://angular-file-upload.appspot.com/ ** successfully completed with end event 'Step synchronous network completed'    [MsgId: MMSG-205180]
t=00014395ms: ** 6.4: Set TC.scriptDir + "\\TC_Technology.png" on filebox (1) filebox ** started    [MsgId: MMSG-205180]
t=00014904ms: ** 6.4: Set TC.scriptDir + "\\TC_Technology.png" on filebox (1) filebox ** successfully completed with end event 'Step synchronous network completed'    [MsgId: MMSG-205180]
t=00014930ms: ** 6: File Upload Example 3 ** successfully completed with end event 'Action completed'    [MsgId: MMSG-205180]
t=00014958ms: ** 8: File Upload Example 4 ** started    [MsgId: MMSG-205180]
t=00015476ms: ** 8.1: Navigate to "http://nervgh.github.io...xamples/simple/" ** started    [MsgId: MMSG-205180]
t=00018768ms: ** 8.1: Navigate to http://nervgh.github.io/...examples/simple/ ** successfully completed with end event 'Document Loaded'    [MsgId: MMSG-205180]
t=00019292ms: ** 8.2: Set TC.scriptDir + "\\TC_Technology.png" on filebox (2) filebox ** started    [MsgId: MMSG-205180]
t=00019584ms: ** 8.2: Set TC.scriptDir + "\\TC_Technology.png" on filebox (2) filebox ** successfully completed with end event 'Action completed'    [MsgId: MMSG-205180]
t=00020106ms: ** 8.3: Set TC.scriptDir + "\\SampleFile.txt" on filebox (3) filebox ** started    [MsgId: MMSG-205180]
t=00020398ms: ** 8.3: Set TC.scriptDir + "\\SampleFile.txt" on filebox (3) filebox ** successfully completed with end event 'Action completed'    [MsgId: MMSG-205180]
t=00020910ms: ** 8.4: Click on Upload all button ** started    [MsgId: MMSG-205180]
t=00021219ms: ** 8.4: Click on Upload all button ** successfully completed with end event 'Action completed'    [MsgId: MMSG-205180]
t=00021239ms: ** 8: File Upload Example 4 ** successfully completed with end event 'Action completed'    [MsgId: MMSG-205180]
t=00021421ms: ** 10: File Upload Example 5 ** started    [MsgId: MMSG-205180]
t=00021955ms: ** 10.1: Navigate to "http://fineuploader.com/demos.html" ** started    [MsgId: MMSG-205180]
t=00031791ms: ** 10.1: Navigate to http://fineuploader.com/demos.html ** successfully completed with end event 'Step synchronous network completed'    [MsgId: MMSG-205180]
t=00032319ms: ** 10.6: Set TC.scriptDir + "\\TC_Technology.png" on file input filebox ** started    [MsgId: MMSG-205180]
t=00033237ms: ** 10.6: Set TC.scriptDir + "\\TC_Technology.png" on file input filebox ** successfully completed with end event 'Step synchronous network completed'    [MsgId: MMSG-205180]
t=00033753ms: ** 10.8: Set TC.scriptDir + "\\TC_Technology.png" on file input filebox ** started    [MsgId: MMSG-205180]
t=00034581ms: ** 10.8: Set TC.scriptDir + "\\TC_Technology.png" on file input filebox ** successfully completed with end event 'Step synchronous network completed'    [MsgId: MMSG-205180]
t=00035101ms: ** 10.11: Set TC.scriptDir + "\\TC_Technology.png" on file input filebox ** started    [MsgId: MMSG-205180]
t=00035704ms: ** 10.11: Set TC.scriptDir + "\\TC_Technology.png" on file input filebox ** successfully completed with end event 'Step synchronous network completed'    [MsgId: MMSG-205180]
t=00035720ms: ** 10: File Upload Example 5 ** successfully completed with end event 'Action completed'    [MsgId: MMSG-205180]
t=00035935ms: ** 12: File Upload Example 6 ** started    [MsgId: MMSG-205180]
t=00036458ms: ** 12.1: Navigate to "http://yuilibrary.com/y...r-multiple.html" ** started    [MsgId: MMSG-205180]
t=00044388ms: ** 12.1: Navigate to http://yuilibrary.com/yu...er-multiple.html ** successfully completed with end event 'Step synchronous network completed'    [MsgId: MMSG-205180]
t=00044904ms: ** 12.3: Set TC.scriptDir + "\\TC_Technology.png" on Select Files filebox ** started    [MsgId: MMSG-205180]
t=00045223ms: ** 12.3: Set TC.scriptDir + "\\TC_Technology.png" on Select Files filebox ** successfully completed with end event 'Action completed'    [MsgId: MMSG-205180]
t=00045738ms: ** 12.4: Set TC.scriptDir + "\\SampleFile.txt" on Select Files filebox ** started    [MsgId: MMSG-205180]
t=00046052ms: ** 12.4: Set TC.scriptDir + "\\SampleFile.txt" on Select Files filebox ** successfully completed with end event 'Action completed'    [MsgId: MMSG-205180]
t=00046566ms: ** 12.6: Click on Upload Files button ** started    [MsgId: MMSG-205180]
t=00047672ms: ** 12.6: Click on Upload Files button ** successfully completed with end event 'Step synchronous network completed'    [MsgId: MMSG-205180]
t=00047696ms: ** 12: File Upload Example 6 ** successfully completed with end event 'Action completed'    [MsgId: MMSG-205180]
Ending iteration 1.
Ending Vuser...
Vuser Terminated.
